<?xml version="1.0" encoding="UTF-8"?>
<!-- Generated by org.testng.reporters.JUnitReportReporter -->
<testsuite hostname="DESKTOP-3RQVS4B" failures="0" tests="1" name="Interview_Questions_2023.AnnotationCheck2023" time="14.900" errors="0" timestamp="2023-12-15T14:47:37 IST" skipped="0">
  <testcase classname="Interview_Questions_2023.AnnotationCheck2023" name="Test1" time="14.900"/>
</testsuite> <!-- Interview_Questions_2023.AnnotationCheck2023 -->
