<?xml version="1.0" encoding="UTF-8"?>
<!-- Generated by org.testng.reporters.JUnitReportReporter -->
<testsuite hostname="DESKTOP-BL9F0LI" failures="0" tests="1" name="Arijit_AutomationFramework.Arijit_AutomationFramework.TestCases" time="0.291" errors="0" timestamp="2022-03-25T08:20:42 IST" skipped="0">
  <testcase classname="Arijit_AutomationFramework.Arijit_AutomationFramework.TestCases" name="test" time="0.291"/>
  <system-out/>
</testsuite> <!-- Arijit_AutomationFramework.Arijit_AutomationFramework.TestCases -->
