<?xml version="1.0" encoding="UTF-8"?>
<!-- Generated by org.testng.reporters.JUnitReportReporter -->
<testsuite hostname="DESKTOP-BL9F0LI" failures="0" tests="2" name="Arijit_AutomationFramework.Arijit_AutomationFramework.AnnotationCheck" time="0.011" errors="0" timestamp="2022-02-09T10:35:04 IST" skipped="0">
  <testcase classname="Arijit_AutomationFramework.Arijit_AutomationFramework.AnnotationCheck" name="f" time="0.009"/>
  <system-out/>
  <testcase classname="Arijit_AutomationFramework.Arijit_AutomationFramework.AnnotationCheck" name="g" time="0.002"/>
  <system-out/>
</testsuite> <!-- Arijit_AutomationFramework.Arijit_AutomationFramework.AnnotationCheck -->
