<?xml version="1.0" encoding="UTF-8"?>
<!-- Generated by org.testng.reporters.JUnitReportReporter -->
<testsuite hostname="DESKTOP-3RQVS4B" failures="0" tests="1" name="Interview_Questions_2023.AmazonWebpageAutomation" time="4.457" errors="0" timestamp="2023-12-23T01:54:03 IST" skipped="0">
  <testcase classname="Interview_Questions_2023.AmazonWebpageAutomation" name="Test1" time="4.457"/>
  <system-out/>
</testsuite> <!-- Interview_Questions_2023.AmazonWebpageAutomation -->
