<?xml version="1.0" encoding="UTF-8"?>
<!-- Generated by org.testng.reporters.JUnitReportReporter -->
<testsuite hostname="DESKTOP-3RQVS4B" failures="0" tests="1" name="Arijit_AutomationFramework.Arijit_AutomationFramework.MindTree" time="3.832" errors="0" timestamp="2023-11-30T13:11:07 IST" skipped="0">
  <testcase classname="Arijit_AutomationFramework.Arijit_AutomationFramework.MindTree" name="Test1" time="3.832"/>
</testsuite> <!-- Arijit_AutomationFramework.Arijit_AutomationFramework.MindTree -->
