<?xml version="1.0" encoding="UTF-8"?>
<!-- Generated by org.testng.reporters.JUnitReportReporter -->
<testsuite hostname="DESKTOP-BL9F0LI" failures="0" tests="1" name="Arijit_AutomationFramework.Arijit_AutomationFramework.Calculator" time="3.973" errors="1" timestamp="2022-03-30T10:58:59 IST" skipped="0">
  <testcase classname="Arijit_AutomationFramework.Arijit_AutomationFramework.Calculator" name="calculator" time="3.973">
    <error message="Could not start a new session. Response code 500. Message: An unknown server-side error occurred while processing the command. Original error: Error executing adbExec. Original error: &#039;Command &#039;C:\\Android\\platform-tools\\adb.exe -P 5037 -s qkpbztb6z5nrfqcm shell &#039;settings delete global hidden_api_policy_pre_p_apps;settings delete global hidden_api_policy_p_apps;settings delete global hidden_api_policy&#039;&#039; exited with code 255&#039;; Command output: 
Exception occurred while executing &#039;delete&#039;:
java.lang.SecurityException: Permission denial: writing to settings requires:android.permission.WRITE_SECURE_SETTINGS
	at com.android.providers.settings.SettingsProvider.enforceWritePermission(SettingsProvider.java:2105)
	at com.android.providers.settings.SettingsProvider.mutateGlobalSetting(SettingsProvider.java:1291)
	at com.android.providers.settings.SettingsProvider.mutateGlobalSetting(SettingsProvider.java:1283)
	at com.android.providers.settings.SettingsProvider.deleteGlobalSetting(SettingsProvider.java:1254)
	at com.android.providers.settings.SettingsProvider.call(SettingsProvider.java:458)
	at android.content.ContentProvider.call(ContentProvider.java:2471)
	at android.content.ContentProvider$Transport.call(ContentProvider.java:517)
	at com.android.providers.settings.SettingsService$MyShellCommand.deleteForUser(SettingsService.java:399)
	at com.android.providers.settings.SettingsService$MyShellCommand.onCommand(SettingsService.java:281)
	at android.os.BasicShellCommandHandler.exec(BasicShellCommandHandler.java:98)
	at android.os.ShellCommand.exec(ShellCommand.java:44)
	at com.android.providers.settings.SettingsService.onShellCommand(SettingsService.java:49)
	at android.os.Binder.shellCommand(Binder.java:929)
	at android.os.Binder.onTransact(Binder.java:813)
	at android.os.Binder.execTransactInternal(Binder.java:1159)
	at android.os.Binder.execTransact(Binder.java:1123)

Exception occurred while executing &#039;delete&#039;:
java.lang.SecurityException: Permission denial: writing to settings requires:android.permission.WRITE_SECURE_SETTINGS
	at com.android.providers.settings.SettingsProvider.enforceWritePermission(SettingsProvider.java:2105)
	at com.android.providers.settings.SettingsProvider.mutateGlobalSetting(SettingsProvider.java:1291)
	at com.android.providers.settings.SettingsProvider.mutateGlobalSetting(SettingsProvider.java:1283)
	at com.android.providers.settings.SettingsProvider.deleteGlobalSetting(SettingsProvider.java:1254)
	at com.android.providers.settings.SettingsProvider.call(SettingsProvider.java:458)
	at android.content.ContentProvider.call(ContentProvider.java:2471)
	at android.content.ContentProvider$Transport.call(ContentProvider.java:517)
	at com.android.providers.settings.SettingsService$MyShellCommand.deleteForUser(SettingsService.java:399)
	at com.android.providers.settings.SettingsService$MyShellCommand.onCommand(SettingsService.java:281)
	at android.os.BasicShellCommandHandler.exec(BasicShellCommandHandler.java:98)
	at android.os.ShellCommand.exec(ShellCommand.java:44)
	at com.android.providers.settings.SettingsService.onShellCommand(SettingsService.java:49)
	at android.os.Binder.shellCommand(Binder.java:929)
	at android.os.Binder.onTransact(Binder.java:813)
	at android.os.Binder.execTransactInternal(Binder.java:1159)
	at android.os.Binder.execTransact(Binder.java:1123)

Exception occurred while executing &#039;delete&#039;:
java.lang.SecurityException: Permission denial: writing to settings requires:android.permission.WRITE_SECURE_SETTINGS
	at com.android.providers.settings.SettingsProvider.enforceWritePermission(SettingsProvider.java:2105)
	at com.android.providers.settings.SettingsProvider.mutateGlobalSetting(SettingsProvider.java:1291)
	at com.android.providers.settings.SettingsProvider.mutateGlobalSetting(SettingsProvider.java:1283)
	at com.android.providers.settings.SettingsProvider.deleteGlobalSetting(SettingsProvider.java:1254)
	at com.android.providers.settings.SettingsProvider.call(SettingsProvider.java:458)
	at android.content.ContentProvider.call(ContentProvider.java:2471)
	at android.content.ContentProvider$Transport.call(ContentProvider.java:517)
	at com.android.providers.settings.SettingsService$MyShellCommand.deleteForUser(SettingsService.java:399)
	at com.android.providers.settings.SettingsService$MyShellCommand.onCommand(SettingsService.java:281)
	at android.os.BasicShellCommandHandler.exec(BasicShellCommandHandler.java:98)
	at android.os.ShellCommand.exec(ShellCommand.java:44)
	at com.android.providers.settings.SettingsService.onShellCommand(SettingsService.java:49)
	at android.os.Binder.shellCommand(Binder.java:929)
	at android.os.Binder.onTransact(Binder.java:813)
	at android.os.Binder.execTransactInternal(Binder.java:1159)
	at android.os.Binder.execTransact(Binder.java:1123)

Build info: version: &#039;4.1.2&#039;, revision: &#039;9a5a329c5a&#039;
System info: host: &#039;DESKTOP-BL9F0LI&#039;, ip: &#039;192.168.0.104&#039;, os.name: &#039;Windows 10&#039;, os.arch: &#039;amd64&#039;, os.version: &#039;10.0&#039;, java.version: &#039;17.0.2&#039;
Driver info: io.appium.java_client.AppiumDriver
Command: [null, newSession {capabilities=[{appium:appActivity=com.miui.calculator.cal.CalculatorActivity, appium:appPackage=com.miui.calculator, appium:deviceName=Redmi Note 8 Pro, platformName=Android, appium:platformVersion=11 RPIA.200720.011, appium:udid=qkpbztb6z5nrfqcm}], desiredCapabilities=Capabilities {appActivity: com.miui.calculator.cal.Cal..., appPackage: com.miui.calculator, deviceName: Redmi Note 8 Pro, platformName: Android, platformVersion: 11 RPIA.200720.011, udid: qkpbztb6z5nrfqcm}}]
Capabilities {}" type="org.openqa.selenium.SessionNotCreatedException">
      <![CDATA[org.openqa.selenium.SessionNotCreatedException: Could not start a new session. Response code 500. Message: An unknown server-side error occurred while processing the command. Original error: Error executing adbExec. Original error: 'Command 'C:\\Android\\platform-tools\\adb.exe -P 5037 -s qkpbztb6z5nrfqcm shell 'settings delete global hidden_api_policy_pre_p_apps;settings delete global hidden_api_policy_p_apps;settings delete global hidden_api_policy'' exited with code 255'; Command output: 
Exception occurred while executing 'delete':
java.lang.SecurityException: Permission denial: writing to settings requires:android.permission.WRITE_SECURE_SETTINGS
at com.android.providers.settings.SettingsProvider.enforceWritePermission(SettingsProvider.java:2105)
at com.android.providers.settings.SettingsProvider.mutateGlobalSetting(SettingsProvider.java:1291)
at com.android.providers.settings.SettingsProvider.mutateGlobalSetting(SettingsProvider.java:1283)
at com.android.providers.settings.SettingsProvider.deleteGlobalSetting(SettingsProvider.java:1254)
at com.android.providers.settings.SettingsProvider.call(SettingsProvider.java:458)
at android.content.ContentProvider.call(ContentProvider.java:2471)
at android.content.ContentProvider$Transport.call(ContentProvider.java:517)
at com.android.providers.settings.SettingsService$MyShellCommand.deleteForUser(SettingsService.java:399)
at com.android.providers.settings.SettingsService$MyShellCommand.onCommand(SettingsService.java:281)
at android.os.BasicShellCommandHandler.exec(BasicShellCommandHandler.java:98)
at android.os.ShellCommand.exec(ShellCommand.java:44)
at com.android.providers.settings.SettingsService.onShellCommand(SettingsService.java:49)
at android.os.Binder.shellCommand(Binder.java:929)
at android.os.Binder.onTransact(Binder.java:813)
at android.os.Binder.execTransactInternal(Binder.java:1159)
at android.os.Binder.execTransact(Binder.java:1123)

Exception occurred while executing 'delete':
java.lang.SecurityException: Permission denial: writing to settings requires:android.permission.WRITE_SECURE_SETTINGS
at com.android.providers.settings.SettingsProvider.enforceWritePermission(SettingsProvider.java:2105)
at com.android.providers.settings.SettingsProvider.mutateGlobalSetting(SettingsProvider.java:1291)
at com.android.providers.settings.SettingsProvider.mutateGlobalSetting(SettingsProvider.java:1283)
at com.android.providers.settings.SettingsProvider.deleteGlobalSetting(SettingsProvider.java:1254)
at com.android.providers.settings.SettingsProvider.call(SettingsProvider.java:458)
at android.content.ContentProvider.call(ContentProvider.java:2471)
at android.content.ContentProvider$Transport.call(ContentProvider.java:517)
at com.android.providers.settings.SettingsService$MyShellCommand.deleteForUser(SettingsService.java:399)
at com.android.providers.settings.SettingsService$MyShellCommand.onCommand(SettingsService.java:281)
at android.os.BasicShellCommandHandler.exec(BasicShellCommandHandler.java:98)
at android.os.ShellCommand.exec(ShellCommand.java:44)
at com.android.providers.settings.SettingsService.onShellCommand(SettingsService.java:49)
at android.os.Binder.shellCommand(Binder.java:929)
at android.os.Binder.onTransact(Binder.java:813)
at android.os.Binder.execTransactInternal(Binder.java:1159)
at android.os.Binder.execTransact(Binder.java:1123)

Exception occurred while executing 'delete':
java.lang.SecurityException: Permission denial: writing to settings requires:android.permission.WRITE_SECURE_SETTINGS
at com.android.providers.settings.SettingsProvider.enforceWritePermission(SettingsProvider.java:2105)
at com.android.providers.settings.SettingsProvider.mutateGlobalSetting(SettingsProvider.java:1291)
at com.android.providers.settings.SettingsProvider.mutateGlobalSetting(SettingsProvider.java:1283)
at com.android.providers.settings.SettingsProvider.deleteGlobalSetting(SettingsProvider.java:1254)
at com.android.providers.settings.SettingsProvider.call(SettingsProvider.java:458)
at android.content.ContentProvider.call(ContentProvider.java:2471)
at android.content.ContentProvider$Transport.call(ContentProvider.java:517)
at com.android.providers.settings.SettingsService$MyShellCommand.deleteForUser(SettingsService.java:399)
at com.android.providers.settings.SettingsService$MyShellCommand.onCommand(SettingsService.java:281)
at android.os.BasicShellCommandHandler.exec(BasicShellCommandHandler.java:98)
at android.os.ShellCommand.exec(ShellCommand.java:44)
at com.android.providers.settings.SettingsService.onShellCommand(SettingsService.java:49)
at android.os.Binder.shellCommand(Binder.java:929)
at android.os.Binder.onTransact(Binder.java:813)
at android.os.Binder.execTransactInternal(Binder.java:1159)
at android.os.Binder.execTransact(Binder.java:1123)

Build info: version: '4.1.2', revision: '9a5a329c5a'
System info: host: 'DESKTOP-BL9F0LI', ip: '192.168.0.104', os.name: 'Windows 10', os.arch: 'amd64', os.version: '10.0', java.version: '17.0.2'
Driver info: io.appium.java_client.AppiumDriver
Command: [null, newSession {capabilities=[{appium:appActivity=com.miui.calculator.cal.CalculatorActivity, appium:appPackage=com.miui.calculator, appium:deviceName=Redmi Note 8 Pro, platformName=Android, appium:platformVersion=11 RPIA.200720.011, appium:udid=qkpbztb6z5nrfqcm}], desiredCapabilities=Capabilities {appActivity: com.miui.calculator.cal.Cal..., appPackage: com.miui.calculator, deviceName: Redmi Note 8 Pro, platformName: Android, platformVersion: 11 RPIA.200720.011, udid: qkpbztb6z5nrfqcm}}]
Capabilities {}
at org.openqa.selenium.remote.ProtocolHandshake.createSession(ProtocolHandshake.java:126)
at java.base/jdk.internal.reflect.NativeMethodAccessorImpl.invoke0(Native Method)
at java.base/jdk.internal.reflect.NativeMethodAccessorImpl.invoke(NativeMethodAccessorImpl.java:77)
at java.base/jdk.internal.reflect.DelegatingMethodAccessorImpl.invoke(DelegatingMethodAccessorImpl.java:43)
at java.base/java.lang.reflect.Method.invoke(Method.java:568)
at io.appium.java_client.remote.AppiumProtocolHandshake.createSession(AppiumProtocolHandshake.java:126)
at io.appium.java_client.remote.AppiumProtocolHandshake.createSession(AppiumProtocolHandshake.java:102)
at io.appium.java_client.remote.AppiumCommandExecutor.createSession(AppiumCommandExecutor.java:146)
at io.appium.java_client.remote.AppiumCommandExecutor.execute(AppiumCommandExecutor.java:180)
at org.openqa.selenium.remote.RemoteWebDriver.execute(RemoteWebDriver.java:558)
at io.appium.java_client.AppiumDriver.startSession(AppiumDriver.java:225)
at org.openqa.selenium.remote.RemoteWebDriver.<init>(RemoteWebDriver.java:161)
at io.appium.java_client.AppiumDriver.<init>(AppiumDriver.java:79)
at io.appium.java_client.AppiumDriver.<init>(AppiumDriver.java:87)
at Arijit_AutomationFramework.Arijit_AutomationFramework.Calculator.calculator(Calculator.java:29)
at java.base/jdk.internal.reflect.NativeMethodAccessorImpl.invoke0(Native Method)
at java.base/jdk.internal.reflect.NativeMethodAccessorImpl.invoke(NativeMethodAccessorImpl.java:77)
at java.base/jdk.internal.reflect.DelegatingMethodAccessorImpl.invoke(DelegatingMethodAccessorImpl.java:43)
at java.base/java.lang.reflect.Method.invoke(Method.java:568)
at org.testng.internal.MethodInvocationHelper.invokeMethod(MethodInvocationHelper.java:133)
at org.testng.internal.TestInvoker.invokeMethod(TestInvoker.java:598)
at org.testng.internal.TestInvoker.invokeTestMethod(TestInvoker.java:173)
at org.testng.internal.MethodRunner.runInSequence(MethodRunner.java:46)
at org.testng.internal.TestInvoker$MethodInvocationAgent.invoke(TestInvoker.java:824)
at org.testng.internal.TestInvoker.invokeTestMethods(TestInvoker.java:146)
at org.testng.internal.TestMethodWorker.invokeTestMethods(TestMethodWorker.java:146)
at org.testng.internal.TestMethodWorker.run(TestMethodWorker.java:128)
at java.base/java.util.ArrayList.forEach(ArrayList.java:1511)
at org.testng.TestRunner.privateRun(TestRunner.java:794)
at org.testng.TestRunner.run(TestRunner.java:596)
at org.testng.SuiteRunner.runTest(SuiteRunner.java:377)
at org.testng.SuiteRunner.runSequentially(SuiteRunner.java:371)
at org.testng.SuiteRunner.privateRun(SuiteRunner.java:332)
at org.testng.SuiteRunner.run(SuiteRunner.java:276)
at org.testng.SuiteRunnerWorker.runSuite(SuiteRunnerWorker.java:53)
at org.testng.SuiteRunnerWorker.run(SuiteRunnerWorker.java:96)
at org.testng.TestNG.runSuitesSequentially(TestNG.java:1212)
at org.testng.TestNG.runSuitesLocally(TestNG.java:1134)
at org.testng.TestNG.runSuites(TestNG.java:1063)
at org.testng.TestNG.run(TestNG.java:1031)
at org.testng.remote.AbstractRemoteTestNG.run(AbstractRemoteTestNG.java:115)
at org.testng.remote.RemoteTestNG.initAndRun(RemoteTestNG.java:251)
at org.testng.remote.RemoteTestNG.main(RemoteTestNG.java:77)
]]>
    </error>
  </testcase> <!-- calculator -->
  <system-out/>
</testsuite> <!-- Arijit_AutomationFramework.Arijit_AutomationFramework.Calculator -->
