<?xml version="1.0" encoding="UTF-8"?>
<!-- Generated by org.testng.reporters.JUnitReportReporter -->
<testsuite hostname="DESKTOP-3RQVS4B" failures="0" tests="6" name="Arijit_AutomationFramework.Arijit_AutomationFramework.Parameterization" time="0.055" errors="0" timestamp="2023-11-30T04:30:21 IST" skipped="0">
  <testcase classname="Arijit_AutomationFramework.Arijit_AutomationFramework.Parameterization" name="test" time="0.009"/>
  <testcase classname="Arijit_AutomationFramework.Arijit_AutomationFramework.Parameterization" name="test" time="0.006"/>
  <testcase classname="Arijit_AutomationFramework.Arijit_AutomationFramework.Parameterization" name="test" time="0.008"/>
  <testcase classname="Arijit_AutomationFramework.Arijit_AutomationFramework.Parameterization" name="test" time="0.004"/>
  <testcase classname="Arijit_AutomationFramework.Arijit_AutomationFramework.Parameterization" name="test" time="0.019"/>
  <testcase classname="Arijit_AutomationFramework.Arijit_AutomationFramework.Parameterization" name="Test2" time="0.009"/>
</testsuite> <!-- Arijit_AutomationFramework.Arijit_AutomationFramework.Parameterization -->
