<?xml version="1.0" encoding="UTF-8"?>
<!-- Generated by org.testng.reporters.JUnitReportReporter -->
<testsuite hostname="DESKTOP-BL9F0LI" failures="0" tests="2" name="Arijit_AutomationFramework.Arijit_AutomationFramework.AnnotationsCheck" time="0.019" errors="0" timestamp="2022-03-25T07:03:49 IST" skipped="0">
  <testcase classname="Arijit_AutomationFramework.Arijit_AutomationFramework.AnnotationsCheck" name="f" time="0.016"/>
  <system-out/>
  <testcase classname="Arijit_AutomationFramework.Arijit_AutomationFramework.AnnotationsCheck" name="test1" time="0.003"/>
  <system-out/>
</testsuite> <!-- Arijit_AutomationFramework.Arijit_AutomationFramework.AnnotationsCheck -->
